# JRE version: Java(TM) SE Runtime Environment (8.0_101-b13) (build 1.8.0_101-b13)
# Java VM: Java HotSpot(TM) 64-Bit Server VM (25.101-b13 mixed mode linux-amd64 compressed oops)
Heap:
 PSYoungGen      total 70656K, used 38835K [0x00000000d6a00000, 0x00000000dff00000, 0x0000000100000000)
  eden space 65536K, 51% used [0x00000000d6a00000,0x00000000d8af4da0,0x00000000daa00000)
  from space 5120K, 99% used [0x00000000daa00000,0x00000000daef8020,0x00000000daf00000)
  to   space 10752K, 0% used [0x00000000df480000,0x00000000df480000,0x00000000dff00000)
 ParOldGen       total 86016K, used 11438K [0x0000000083e00000, 0x0000000089200000, 0x00000000d6a00000)
  object space 86016K, 13% used [0x0000000083e00000,0x000000008492ba90,0x0000000089200000)
 Metaspace       used 17213K, capacity 17538K, committed 17792K, reserved 1064960K
  class space    used 2055K, capacity 2157K, committed 2176K, reserved 1048576K
GC Heap History (10 events):
Event: 0,436 GC heap before
{Heap before GC invocations=1 (full 0):
 PSYoungGen      total 37888K, used 32768K [0x00000000d6a00000, 0x00000000d9400000, 0x0000000100000000)
  eden space 32768K, 100% used [0x00000000d6a00000,0x00000000d8a00000,0x00000000d8a00000)
  from space 5120K, 0% used [0x00000000d8f00000,0x00000000d8f00000,0x00000000d9400000)
  to   space 5120K, 0% used [0x00000000d8a00000,0x00000000d8a00000,0x00000000d8f00000)
 ParOldGen       total 86016K, used 0K [0x0000000083e00000, 0x0000000089200000, 0x00000000d6a00000)
  object space 86016K, 0% used [0x0000000083e00000,0x0000000083e00000,0x0000000089200000)
 Metaspace       used 8307K, capacity 8506K, committed 8576K, reserved 1056768K
  class space    used 1037K, capacity 1113K, committed 1152K, reserved 1048576K
Event: 0,439 GC heap after
Heap after GC invocations=1 (full 0):
 PSYoungGen      total 37888K, used 5102K [0x00000000d6a00000, 0x00000000d9400000, 0x0000000100000000)
  eden space 32768K, 0% used [0x00000000d6a00000,0x00000000d6a00000,0x00000000d8a00000)
  from space 5120K, 99% used [0x00000000d8a00000,0x00000000d8efbac8,0x00000000d8f00000)
  to   space 5120K, 0% used [0x00000000d8f00000,0x00000000d8f00000,0x00000000d9400000)
 ParOldGen       total 86016K, used 421K [0x0000000083e00000, 0x0000000089200000, 0x00000000d6a00000)
  object space 86016K, 0% used [0x0000000083e00000,0x0000000083e69780,0x0000000089200000)
 Metaspace       used 8307K, capacity 8506K, committed 8576K, reserved 1056768K
  class space    used 1037K, capacity 1113K, committed 1152K, reserved 1048576K
}
Event: 0,756 GC heap before
{Heap before GC invocations=2 (full 0):
 PSYoungGen      total 37888K, used 37870K [0x00000000d6a00000, 0x00000000d9400000, 0x0000000100000000)
  eden space 32768K, 100% used [0x00000000d6a00000,0x00000000d8a00000,0x00000000d8a00000)
  from space 5120K, 99% used [0x00000000d8a00000,0x00000000d8efbac8,0x00000000d8f00000)
  to   space 5120K, 0% used [0x00000000d8f00000,0x00000000d8f00000,0x00000000d9400000)
 ParOldGen       total 86016K, used 421K [0x0000000083e00000, 0x0000000089200000, 0x00000000d6a00000)
  object space 86016K, 0% used [0x0000000083e00000,0x0000000083e69780,0x0000000089200000)
 Metaspace       used 12662K, capacity 12876K, committed 13056K, reserved 1060864K
  class space    used 1595K, capacity 1670K, committed 1792K, reserved 1048576K
Event: 0,761 GC heap after
Heap after GC invocations=2 (full 0):
 PSYoungGen      total 37888K, used 5101K [0x00000000d6a00000, 0x00000000db400000, 0x0000000100000000)
  eden space 32768K, 0% used [0x00000000d6a00000,0x00000000d6a00000,0x00000000d8a00000)
  from space 5120K, 99% used [0x00000000d8f00000,0x00000000d93fb758,0x00000000d9400000)
  to   space 5120K, 0% used [0x00000000d8a00000,0x00000000d8a00000,0x00000000d8f00000)
 ParOldGen       total 86016K, used 2587K [0x0000000083e00000, 0x0000000089200000, 0x00000000d6a00000)
  object space 86016K, 3% used [0x0000000083e00000,0x0000000084086da8,0x0000000089200000)
 Metaspace       used 12662K, capacity 12876K, committed 13056K, reserved 1060864K
  class space    used 1595K, capacity 1670K, committed 1792K, reserved 1048576K
}
Event: 1,082 GC heap before
{Heap before GC invocations=3 (full 0):
 PSYoungGen      total 37888K, used 37869K [0x00000000d6a00000, 0x00000000db400000, 0x0000000100000000)
  eden space 32768K, 100% used [0x00000000d6a00000,0x00000000d8a00000,0x00000000d8a00000)
  from space 5120K, 99% used [0x00000000d8f00000,0x00000000d93fb758,0x00000000d9400000)
  to   space 5120K, 0% used [0x00000000d8a00000,0x00000000d8a00000,0x00000000d8f00000)
 ParOldGen       total 86016K, used 2587K [0x0000000083e00000, 0x0000000089200000, 0x00000000d6a00000)
  object space 86016K, 3% used [0x0000000083e00000,0x0000000084086da8,0x0000000089200000)
 Metaspace       used 15843K, capacity 16188K, committed 16384K, reserved 1062912K
  class space    used 1933K, capacity 2038K, committed 2048K, reserved 1048576K
Event: 1,086 GC heap after
Heap after GC invocations=3 (full 0):
 PSYoungGen      total 37888K, used 5118K [0x00000000d6a00000, 0x00000000db400000, 0x0000000100000000)
  eden space 32768K, 0% used [0x00000000d6a00000,0x00000000d6a00000,0x00000000d8a00000)
  from space 5120K, 99% used [0x00000000d8a00000,0x00000000d8eff9f8,0x00000000d8f00000)
  to   space 5120K, 0% used [0x00000000daf00000,0x00000000daf00000,0x00000000db400000)
 ParOldGen       total 86016K, used 3422K [0x0000000083e00000, 0x0000000089200000, 0x00000000d6a00000)
  object space 86016K, 3% used [0x0000000083e00000,0x00000000841579e8,0x0000000089200000)
 Metaspace       used 15843K, capacity 16188K, committed 16384K, reserved 1062912K
  class space    used 1933K, capacity 2038K, committed 2048K, reserved 1048576K
}
Event: 1,281 GC heap before
{Heap before GC invocations=4 (full 0):
 PSYoungGen      total 37888K, used 37886K [0x00000000d6a00000, 0x00000000db400000, 0x0000000100000000)
  eden space 32768K, 100% used [0x00000000d6a00000,0x00000000d8a00000,0x00000000d8a00000)
  from space 5120K, 99% used [0x00000000d8a00000,0x00000000d8eff9f8,0x00000000d8f00000)
  to   space 5120K, 0% used [0x00000000daf00000,0x00000000daf00000,0x00000000db400000)
 ParOldGen       total 86016K, used 3422K [0x0000000083e00000, 0x0000000089200000, 0x00000000d6a00000)
  object space 86016K, 3% used [0x0000000083e00000,0x00000000841579e8,0x0000000089200000)
 Metaspace       used 16330K, capacity 16654K, committed 16768K, reserved 1064960K
  class space    used 1971K, capacity 2080K, committed 2176K, reserved 1048576K
Event: 1,287 GC heap after
Heap after GC invocations=4 (full 0):
 PSYoungGen      total 70656K, used 5088K [0x00000000d6a00000, 0x00000000db400000, 0x0000000100000000)
  eden space 65536K, 0% used [0x00000000d6a00000,0x00000000d6a00000,0x00000000daa00000)
  from space 5120K, 99% used [0x00000000daf00000,0x00000000db3f8040,0x00000000db400000)
  to   space 5120K, 0% used [0x00000000daa00000,0x00000000daa00000,0x00000000daf00000)
 ParOldGen       total 86016K, used 5890K [0x0000000083e00000, 0x0000000089200000, 0x00000000d6a00000)
  object space 86016K, 6% used [0x0000000083e00000,0x00000000843c0810,0x0000000089200000)
 Metaspace       used 16330K, capacity 16654K, committed 16768K, reserved 1064960K
  class space    used 1971K, capacity 2080K, committed 2176K, reserved 1048576K
}
Event: 1,474 GC heap before
{Heap before GC invocations=5 (full 0):
 PSYoungGen      total 70656K, used 70624K [0x00000000d6a00000, 0x00000000db400000, 0x0000000100000000)
  eden space 65536K, 100% used [0x00000000d6a00000,0x00000000daa00000,0x00000000daa00000)
  from space 5120K, 99% used [0x00000000daf00000,0x00000000db3f8040,0x00000000db400000)
  to   space 5120K, 0% used [0x00000000daa00000,0x00000000daa00000,0x00000000daf00000)
 ParOldGen       total 86016K, used 5890K [0x0000000083e00000, 0x0000000089200000, 0x00000000d6a00000)
  object space 86016K, 6% used [0x0000000083e00000,0x00000000843c0810,0x0000000089200000)
 Metaspace       used 16524K, capacity 16852K, committed 17024K, reserved 1064960K
  class space    used 1975K, capacity 2081K, committed 2176K, reserved 1048576K
Event: 1,487 GC heap after
Heap after GC invocations=5 (full 0):
 PSYoungGen      total 70656K, used 5088K [0x00000000d6a00000, 0x00000000dff00000, 0x0000000100000000)
  eden space 65536K, 0% used [0x00000000d6a00000,0x00000000d6a00000,0x00000000daa00000)
  from space 5120K, 99% used [0x00000000daa00000,0x00000000daef8020,0x00000000daf00000)
  to   space 10752K, 0% used [0x00000000df480000,0x00000000df480000,0x00000000dff00000)
 ParOldGen       total 86016K, used 11438K [0x0000000083e00000, 0x0000000089200000, 0x00000000d6a00000)
  object space 86016K, 13% used [0x0000000083e00000,0x000000008492ba90,0x0000000089200000)
 Metaspace       used 16524K, capacity 16852K, committed 17024K, reserved 1064960K
  class space    used 1975K, capacity 2081K, committed 2176K, reserved 1048576K
}

