# JRE version: Java(TM) SE Runtime Environment (8.0_101-b13) (build 1.8.0_101-b13)
# Java VM: Java HotSpot(TM) 64-Bit Server VM (25.101-b13 mixed mode linux-amd64 compressed oops)
Heap:
 PSYoungGen      total 34816K, used 8799K [0x00000000fd580000, 0x00000000fff80000, 0x0000000100000000)
  eden space 26624K, 13% used [0x00000000fd580000,0x00000000fd923a90,0x00000000fef80000)
  from space 8192K, 61% used [0x00000000ff780000,0x00000000ffc74338,0x00000000fff80000)
  to   space 8192K, 0% used [0x00000000fef80000,0x00000000fef80000,0x00000000ff780000)
 ParOldGen       total 87552K, used 79641K [0x00000000f8000000, 0x00000000fd580000, 0x00000000fd580000)
  object space 87552K, 90% used [0x00000000f8000000,0x00000000fcdc65f0,0x00000000fd580000)
 Metaspace       used 41949K, capacity 46034K, committed 46208K, reserved 1089536K
  class space    used 5381K, capacity 6521K, committed 6528K, reserved 1048576K
GC Heap History (10 events):
Event: 9,961 GC heap before
{Heap before GC invocations=34 (full 2):
 PSYoungGen      total 32256K, used 25527K [0x00000000fd580000, 0x00000000fff00000, 0x0000000100000000)
  eden space 22016K, 100% used [0x00000000fd580000,0x00000000feb00000,0x00000000feb00000)
  from space 10240K, 34% used [0x00000000feb00000,0x00000000fee6dce8,0x00000000ff500000)
  to   space 9728K, 0% used [0x00000000ff580000,0x00000000ff580000,0x00000000fff00000)
 ParOldGen       total 87552K, used 73877K [0x00000000f8000000, 0x00000000fd580000, 0x00000000fd580000)
  object space 87552K, 84% used [0x00000000f8000000,0x00000000fc825478,0x00000000fd580000)
 Metaspace       used 41946K, capacity 46034K, committed 46208K, reserved 1089536K
  class space    used 5380K, capacity 6521K, committed 6528K, reserved 1048576K
Event: 9,965 GC heap after
Heap after GC invocations=34 (full 2):
 PSYoungGen      total 32768K, used 3787K [0x00000000fd580000, 0x00000000ffe80000, 0x0000000100000000)
  eden space 23552K, 0% used [0x00000000fd580000,0x00000000fd580000,0x00000000fec80000)
  from space 9216K, 41% used [0x00000000ff580000,0x00000000ff932fb0,0x00000000ffe80000)
  to   space 9216K, 0% used [0x00000000fec80000,0x00000000fec80000,0x00000000ff580000)
 ParOldGen       total 87552K, used 74573K [0x00000000f8000000, 0x00000000fd580000, 0x00000000fd580000)
  object space 87552K, 85% used [0x00000000f8000000,0x00000000fc8d34a8,0x00000000fd580000)
 Metaspace       used 41946K, capacity 46034K, committed 46208K, reserved 1089536K
  class space    used 5380K, capacity 6521K, committed 6528K, reserved 1048576K
}
Event: 10,022 GC heap before
{Heap before GC invocations=35 (full 2):
 PSYoungGen      total 32768K, used 27339K [0x00000000fd580000, 0x00000000ffe80000, 0x0000000100000000)
  eden space 23552K, 100% used [0x00000000fd580000,0x00000000fec80000,0x00000000fec80000)
  from space 9216K, 41% used [0x00000000ff580000,0x00000000ff932fb0,0x00000000ffe80000)
  to   space 9216K, 0% used [0x00000000fec80000,0x00000000fec80000,0x00000000ff580000)
 ParOldGen       total 87552K, used 74573K [0x00000000f8000000, 0x00000000fd580000, 0x00000000fd580000)
  object space 87552K, 85% used [0x00000000f8000000,0x00000000fc8d34a8,0x00000000fd580000)
 Metaspace       used 41946K, capacity 46034K, committed 46208K, reserved 1089536K
  class space    used 5380K, capacity 6521K, committed 6528K, reserved 1048576K
Event: 10,029 GC heap after
Heap after GC invocations=35 (full 2):
 PSYoungGen      total 32768K, used 4904K [0x00000000fd580000, 0x0000000100000000, 0x0000000100000000)
  eden space 23552K, 0% used [0x00000000fd580000,0x00000000fd580000,0x00000000fec80000)
  from space 9216K, 53% used [0x00000000fec80000,0x00000000ff14a380,0x00000000ff580000)
  to   space 9216K, 0% used [0x00000000ff700000,0x00000000ff700000,0x0000000100000000)
 ParOldGen       total 87552K, used 75474K [0x00000000f8000000, 0x00000000fd580000, 0x00000000fd580000)
  object space 87552K, 86% used [0x00000000f8000000,0x00000000fc9b4b48,0x00000000fd580000)
 Metaspace       used 41946K, capacity 46034K, committed 46208K, reserved 1089536K
  class space    used 5380K, capacity 6521K, committed 6528K, reserved 1048576K
}
Event: 10,074 GC heap before
{Heap before GC invocations=36 (full 2):
 PSYoungGen      total 32768K, used 28456K [0x00000000fd580000, 0x0000000100000000, 0x0000000100000000)
  eden space 23552K, 100% used [0x00000000fd580000,0x00000000fec80000,0x00000000fec80000)
  from space 9216K, 53% used [0x00000000fec80000,0x00000000ff14a380,0x00000000ff580000)
  to   space 9216K, 0% used [0x00000000ff700000,0x00000000ff700000,0x0000000100000000)
 ParOldGen       total 87552K, used 75474K [0x00000000f8000000, 0x00000000fd580000, 0x00000000fd580000)
  object space 87552K, 86% used [0x00000000f8000000,0x00000000fc9b4b48,0x00000000fd580000)
 Metaspace       used 41947K, capacity 46034K, committed 46208K, reserved 1089536K
  class space    used 5380K, capacity 6521K, committed 6528K, reserved 1048576K
Event: 10,084 GC heap after
Heap after GC invocations=36 (full 2):
 PSYoungGen      total 33280K, used 3768K [0x00000000fd580000, 0x00000000fff00000, 0x0000000100000000)
  eden space 25088K, 0% used [0x00000000fd580000,0x00000000fd580000,0x00000000fee00000)
  from space 8192K, 45% used [0x00000000ff700000,0x00000000ffaae030,0x00000000fff00000)
  to   space 8704K, 0% used [0x00000000fee00000,0x00000000fee00000,0x00000000ff680000)
 ParOldGen       total 87552K, used 76642K [0x00000000f8000000, 0x00000000fd580000, 0x00000000fd580000)
  object space 87552K, 87% used [0x00000000f8000000,0x00000000fcad8b58,0x00000000fd580000)
 Metaspace       used 41947K, capacity 46034K, committed 46208K, reserved 1089536K
  class space    used 5380K, capacity 6521K, committed 6528K, reserved 1048576K
}
Event: 10,138 GC heap before
{Heap before GC invocations=37 (full 2):
 PSYoungGen      total 33280K, used 28856K [0x00000000fd580000, 0x00000000fff00000, 0x0000000100000000)
  eden space 25088K, 100% used [0x00000000fd580000,0x00000000fee00000,0x00000000fee00000)
  from space 8192K, 45% used [0x00000000ff700000,0x00000000ffaae030,0x00000000fff00000)
  to   space 8704K, 0% used [0x00000000fee00000,0x00000000fee00000,0x00000000ff680000)
 ParOldGen       total 87552K, used 76642K [0x00000000f8000000, 0x00000000fd580000, 0x00000000fd580000)
  object space 87552K, 87% used [0x00000000f8000000,0x00000000fcad8b58,0x00000000fd580000)
 Metaspace       used 41947K, capacity 46034K, committed 46208K, reserved 1089536K
  class space    used 5380K, capacity 6521K, committed 6528K, reserved 1048576K
Event: 10,158 GC heap after
Heap after GC invocations=37 (full 2):
 PSYoungGen      total 33792K, used 4537K [0x00000000fd580000, 0x00000000fff80000, 0x0000000100000000)
  eden space 25088K, 0% used [0x00000000fd580000,0x00000000fd580000,0x00000000fee00000)
  from space 8704K, 52% used [0x00000000fee00000,0x00000000ff26e478,0x00000000ff680000)
  to   space 8192K, 0% used [0x00000000ff780000,0x00000000ff780000,0x00000000fff80000)
 ParOldGen       total 87552K, used 77886K [0x00000000f8000000, 0x00000000fd580000, 0x00000000fd580000)
  object space 87552K, 88% used [0x00000000f8000000,0x00000000fcc0f8f0,0x00000000fd580000)
 Metaspace       used 41947K, capacity 46034K, committed 46208K, reserved 1089536K
  class space    used 5380K, capacity 6521K, committed 6528K, reserved 1048576K
}
Event: 10,219 GC heap before
{Heap before GC invocations=38 (full 2):
 PSYoungGen      total 33792K, used 29625K [0x00000000fd580000, 0x00000000fff80000, 0x0000000100000000)
  eden space 25088K, 100% used [0x00000000fd580000,0x00000000fee00000,0x00000000fee00000)
  from space 8704K, 52% used [0x00000000fee00000,0x00000000ff26e478,0x00000000ff680000)
  to   space 8192K, 0% used [0x00000000ff780000,0x00000000ff780000,0x00000000fff80000)
 ParOldGen       total 87552K, used 77886K [0x00000000f8000000, 0x00000000fd580000, 0x00000000fd580000)
  object space 87552K, 88% used [0x00000000f8000000,0x00000000fcc0f8f0,0x00000000fd580000)
 Metaspace       used 41947K, capacity 46034K, committed 46208K, reserved 1089536K
  class space    used 5380K, capacity 6521K, committed 6528K, reserved 1048576K
Event: 10,233 GC heap after
Heap after GC invocations=38 (full 2):
 PSYoungGen      total 34816K, used 5072K [0x00000000fd580000, 0x00000000fff80000, 0x0000000100000000)
  eden space 26624K, 0% used [0x00000000fd580000,0x00000000fd580000,0x00000000fef80000)
  from space 8192K, 61% used [0x00000000ff780000,0x00000000ffc74338,0x00000000fff80000)
  to   space 8192K, 0% used [0x00000000fef80000,0x00000000fef80000,0x00000000ff780000)
 ParOldGen       total 87552K, used 79641K [0x00000000f8000000, 0x00000000fd580000, 0x00000000fd580000)
  object space 87552K, 90% used [0x00000000f8000000,0x00000000fcdc65f0,0x00000000fd580000)
 Metaspace       used 41947K, capacity 46034K, committed 46208K, reserved 1089536K
  class space    used 5380K, capacity 6521K, committed 6528K, reserved 1048576K
}

